09:53:31 **** Incremental Build of configuration Debug for project Mini_Project_3 ****
make all 
Building file: ../Mini_Project_3.c
Invoking: AVR Compiler
avr-gcc -Wall -g2 -gstabs -O0 -fpack-struct -fshort-enums -ffunction-sections -fdata-sections -std=gnu99 -funsigned-char -funsigned-bitfields -mmcu=atmega16 -DF_CPU=1000000UL -MMD -MP -MF"Mini_Project_3.d" -MT"Mini_Project_3.o" -c -o "Mini_Project_3.o" "../Mini_Project_3.c"
Finished building: ../Mini_Project_3.c
 
Building target: Mini_Project_3.elf
Invoking: AVR C Linker
avr-gcc -Wl,-Map,Mini_Project_3.map -mmcu=atmega16 -o "Mini_Project_3.elf"  ./ADC.o ./LCD.o ./MOTOR.o ./Mini_Project_3.o ./PWM.o ./gpio.o ./lm35_sensor.o   
Finished building target: Mini_Project_3.elf
 
Invoking: AVR Create Extended Listing
avr-objdump -h -S Mini_Project_3.elf  >"Mini_Project_3.lss"
Finished building: Mini_Project_3.lss
 
Invoking: Print Size
avr-size --format=avr --mcu=atmega16 Mini_Project_3.elf
AVR Memory Usage
----------------
Device: atmega16

Program:    9370 bytes (57.2% Full)
(.text + .data + .bootloader)

Data:        294 bytes (28.7% Full)
(.data + .bss + .noinit)


Finished building: sizedummy
 

09:53:31 Build Finished. 0 errors, 0 warnings. (took 758ms)

